Build started 3/9/2013 12:37:39 PM.
     1>Project "C:\Users\Lee\Documents\GitHub\mPULSE\mPULSE Project\mPULSE\mPULSE.vcxproj" on node 2 (build target(s)).
     1>InitializeBuildStatus:
         Creating "Release\mPULSE.unsuccessfulbuild" because "AlwaysCreate" was specified.
       ClCompile:
         C:\Program Files (x86)\Microsoft Visual Studio 10.0\VC\bin\CL.exe /c /I"C:\Users\Lee\Documents\GitHub\mPULSE\mPULSE Project\mPULSE\\" /I"C:\Program Files (x86)\NVIDIA Corporation\NVIDIA PhysX SDK\v2.8.1\SDKs\lib\Win32" /I"C:\Program Files (x86)\NVIDIA Corporation\NVIDIA PhysX SDK\v2.8.1\SDKs\PhysXLoader\include" /I"C:\Program Files (x86)\NVIDIA Corporation\NVIDIA PhysX SDK\v2.8.1\Graphics\include\win32" /I"C:\Program Files (x86)\NVIDIA Corporation\NVIDIA PhysX SDK\v2.8.1\SDKs\Physics\include" /I"C:\Program Files (x86)\NVIDIA Corporation\NVIDIA PhysX SDK\v2.8.1\SDKs\NxCharacter\include" /I"C:\Program Files (x86)\NVIDIA Corporation\NVIDIA PhysX SDK\v2.8.1\SDKs\Cooking\include" /I"C:\Program Files (x86)\NVIDIA Corporation\NVIDIA PhysX SDK\v2.8.1\SDKs\Foundation\include" /Zi /nologo /W3 /WX- /O2 /Oi /Oy- /GL /D _MBCS /D WIN32 /D _MBCS /Gm- /EHsc /MD /GS /Gy /fp:precise /Zc:wchar_t /Zc:forScope /Fo"Release\\" /Fd"Release\vc100.pdb" /Gd /TP /analyze- /errorReport:prompt InGameObjects\ContactReport.cpp
         ContactReport.cpp
       Link:
         C:\Program Files (x86)\Microsoft Visual Studio 10.0\VC\bin\link.exe /ERRORREPORT:PROMPT /OUT:"C:\Users\Lee\Documents\GitHub\mPULSE\mPULSE Project\Release\mPULSE.exe" /NOLOGO /LIBPATH:"C:\CPSC585\glew-1.9.0\lib" /LIBPATH:"C:\Program Files (x86)\NVIDIA Corporation\NVIDIA PhysX SDK\v2.8.1\Graphics\lib\win32\glut" /LIBPATH:"C:\Program Files (x86)\NVIDIA Corporation\NVIDIA PhysX SDK\v2.8.1\Bin\win32" /LIBPATH:"C:\Program Files (x86)\NVIDIA Corporation\NVIDIA PhysX SDK\v2.8.1\SDKs\lib\Win32" glew32.lib PhysXLoader.lib NxCharacter.lib NxCooking.lib SDL.lib SDLmain.lib SDL_mixer.lib opengl32.lib glu32.lib XInput.lib kernel32.lib user32.lib gdi32.lib winspool.lib comdlg32.lib advapi32.lib shell32.lib ole32.lib oleaut32.lib uuid.lib odbc32.lib odbccp32.lib /MANIFEST /ManifestFile:"Release\mPULSE.exe.intermediate.manifest" /MANIFESTUAC:"level='asInvoker' uiAccess='false'" /DEBUG /PDB:"C:\Users\Lee\Documents\GitHub\mPULSE\mPULSE Project\Release\mPULSE.pdb" /SUBSYSTEM:WINDOWS /OPT:REF /OPT:ICF /LTCG /TLBID:1 /DYNAMICBASE /NXCOMPAT /IMPLIB:"C:\Users\Lee\Documents\GitHub\mPULSE\mPULSE Project\Release\mPULSE.lib" /MACHINE:X86 Release\AI.obj
         Release\Waypoint.obj
         Release\Waypoints.obj
         Release\GraphicalComponent.obj
         Release\PhysicalComponent.obj
         Release\Camera.obj
         Release\Console.obj
         Release\Game.obj
         Release\GameState.obj
         Release\GameVariables.obj
         Release\InitState.obj
         Release\MainMenuState.obj
         Release\PlayState.obj
         Release\ContactReport.obj
         Release\CustomData.obj
         Release\Entity.obj
         Release\EntityComponent.obj
         Release\RenderableComponent.obj
         Release\Track.obj
         Release\TriggerCallback.obj
         Release\XboxController.obj
         Release\ModelManager.obj
         Release\ObjModel.obj
         Release\mPULSE.obj
         Release\PhysicsEngine.obj
         Release\Stream.obj
         Release\Particle.obj
         Release\RenderingEngine.obj
         Release\Shader.obj
         Release\Sound.obj
         Release\SoundEngine.obj
         Release\Clock.obj
         Release\Profile.obj
         Generating code
         Finished generating code
         mPULSE.vcxproj -> C:\Users\Lee\Documents\GitHub\mPULSE\mPULSE Project\Release\mPULSE.exe
       Manifest:
         C:\Program Files (x86)\Microsoft SDKs\Windows\v7.0A\bin\mt.exe /nologo /verbose /outputresource:"C:\Users\Lee\Documents\GitHub\mPULSE\mPULSE Project\Release\mPULSE.exe;#1" /manifest Release\mPULSE.exe.intermediate.manifest
       FinalizeBuildStatus:
         Deleting file "Release\mPULSE.unsuccessfulbuild".
         Touching "Release\mPULSE.lastbuildstate".
     1>Done Building Project "C:\Users\Lee\Documents\GitHub\mPULSE\mPULSE Project\mPULSE\mPULSE.vcxproj" (build target(s)).

Build succeeded.

Time Elapsed 00:00:04.97
