Build started 2/6/2013 4:32:28 PM.
     1>Project "C:\Users\Lee\Documents\GitHub\mPULSE\mPULSE refactored\mPULSE\mPULSE.vcxproj" on node 2 (build target(s)).
     1>InitializeBuildStatus:
         Touching "Debug\mPULSE.unsuccessfulbuild".
       ClCompile:
         C:\Program Files (x86)\Microsoft Visual Studio 10.0\VC\bin\CL.exe /c /I"C:\Program Files (x86)\NVIDIA Corporation\NVIDIA PhysX SDK\v2.8.1\SDKs\lib\Win32" /I"C:\Program Files (x86)\NVIDIA Corporation\NVIDIA PhysX SDK\v2.8.1\SDKs\PhysXLoader\include" /I"C:\Program Files (x86)\NVIDIA Corporation\NVIDIA PhysX SDK\v2.8.1\Graphics\include\win32" /I"C:\Program Files (x86)\NVIDIA Corporation\NVIDIA PhysX SDK\v2.8.1\SDKs\Physics\include" /I"C:\Program Files (x86)\NVIDIA Corporation\NVIDIA PhysX SDK\v2.8.1\SDKs\NxCharacter\include" /I"C:\Program Files (x86)\NVIDIA Corporation\NVIDIA PhysX SDK\v2.8.1\SDKs\Cooking\include" /I"C:\Program Files (x86)\NVIDIA Corporation\NVIDIA PhysX SDK\v2.8.1\SDKs\Foundation\include" /ZI /nologo /W3 /WX- /Od /Oy- /D WIN32 /D _MBCS /Gm /EHsc /RTC1 /MD /GS /fp:precise /Zc:wchar_t /Zc:forScope /Fo"Debug\\" /Fd"Debug\vc100.pdb" /Gd /TP /analyze- /errorReport:prompt GameStates\InitState.cpp GameStates\PlayState.cpp
         PlayState.cpp
         InitState.cpp
         Generating Code...
       Link:
         C:\Program Files (x86)\Microsoft Visual Studio 10.0\VC\bin\link.exe /ERRORREPORT:PROMPT /OUT:"C:\Users\Lee\Documents\GitHub\mPULSE\mPULSE refactored\Debug\mPULSE.exe" /NOLOGO /LIBPATH:"C:\CPSC585\glew-1.9.0\lib" /LIBPATH:"C:\Program Files (x86)\NVIDIA Corporation\NVIDIA PhysX SDK\v2.8.1\Graphics\lib\win32\glut" /LIBPATH:"C:\Program Files (x86)\NVIDIA Corporation\NVIDIA PhysX SDK\v2.8.1\Bin\win32" /LIBPATH:"C:\Program Files (x86)\NVIDIA Corporation\NVIDIA PhysX SDK\v2.8.1\SDKs\lib\Win32" glew32.lib PhysXLoader.lib NxCharacter.lib NxCooking.lib SDL.lib SDLmain.lib opengl32.lib glu32.lib XInput.lib kernel32.lib user32.lib gdi32.lib winspool.lib comdlg32.lib advapi32.lib shell32.lib ole32.lib oleaut32.lib uuid.lib odbc32.lib odbccp32.lib /MANIFEST /ManifestFile:"Debug\mPULSE.exe.intermediate.manifest" /MANIFESTUAC:"level='asInvoker' uiAccess='false'" /DEBUG /PDB:"C:\Users\Lee\Documents\GitHub\mPULSE\mPULSE refactored\Debug\mPULSE.pdb" /SUBSYSTEM:CONSOLE /TLBID:1 /DYNAMICBASE /NXCOMPAT /IMPLIB:"C:\Users\Lee\Documents\GitHub\mPULSE\mPULSE refactored\Debug\mPULSE.lib" /MACHINE:X86 Debug\Entity.obj
         Debug\Game.obj
         Debug\GameState.obj
         Debug\InitState.obj
         Debug\PlayState.obj
         Debug\XboxController.obj
         Debug\ModelManager.obj
         Debug\ObjModel.obj
         Debug\mPULSE.obj
         Debug\Physics.obj
         Debug\PhysicsEngine.obj
         Debug\Appearance.obj
         Debug\RenderingEngine.obj
         Debug\Shader.obj
         Debug\Clock.obj
         mPULSE.vcxproj -> C:\Users\Lee\Documents\GitHub\mPULSE\mPULSE refactored\Debug\mPULSE.exe
       Manifest:
         C:\Program Files (x86)\Microsoft SDKs\Windows\v7.0A\bin\mt.exe /nologo /verbose /outputresource:"C:\Users\Lee\Documents\GitHub\mPULSE\mPULSE refactored\Debug\mPULSE.exe;#1" /manifest Debug\mPULSE.exe.intermediate.manifest
       FinalizeBuildStatus:
         Deleting file "Debug\mPULSE.unsuccessfulbuild".
         Touching "Debug\mPULSE.lastbuildstate".
     1>Done Building Project "C:\Users\Lee\Documents\GitHub\mPULSE\mPULSE refactored\mPULSE\mPULSE.vcxproj" (build target(s)).

Build succeeded.

Time Elapsed 00:00:11.63
