C:\USERS\LEE\DOCUMENTS\GITHUB\MPULSE\MPULSE REFACTORED\DEBUG\MPULSE.EXE
C:\USERS\LEE\DOCUMENTS\GITHUB\MPULSE\MPULSE REFACTORED\DEBUG\MPULSE.ILK
C:\USERS\LEE\DOCUMENTS\GITHUB\MPULSE\MPULSE REFACTORED\DEBUG\MPULSE.PDB
C:\USERS\LEE\DOCUMENTS\GITHUB\MPULSE\MPULSE REFACTORED\MPULSE\DEBUG\APPEARANCE.OBJ
C:\Users\Lee\Documents\GitHub\mPULSE\mPULSE refactored\mPULSE\Debug\cl.command.1.tlog
C:\Users\Lee\Documents\GitHub\mPULSE\mPULSE refactored\mPULSE\Debug\CL.read.1.tlog
C:\Users\Lee\Documents\GitHub\mPULSE\mPULSE refactored\mPULSE\Debug\CL.write.1.tlog
C:\USERS\LEE\DOCUMENTS\GITHUB\MPULSE\MPULSE REFACTORED\MPULSE\DEBUG\CLOCK.OBJ
C:\USERS\LEE\DOCUMENTS\GITHUB\MPULSE\MPULSE REFACTORED\MPULSE\DEBUG\CONSOLE.OBJ
C:\USERS\LEE\DOCUMENTS\GITHUB\MPULSE\MPULSE REFACTORED\MPULSE\DEBUG\ENTITY.OBJ
C:\USERS\LEE\DOCUMENTS\GITHUB\MPULSE\MPULSE REFACTORED\MPULSE\DEBUG\ENTITYCOMPONENT.OBJ
C:\USERS\LEE\DOCUMENTS\GITHUB\MPULSE\MPULSE REFACTORED\MPULSE\DEBUG\GAME.OBJ
C:\USERS\LEE\DOCUMENTS\GITHUB\MPULSE\MPULSE REFACTORED\MPULSE\DEBUG\GAMESTATE.OBJ
C:\USERS\LEE\DOCUMENTS\GITHUB\MPULSE\MPULSE REFACTORED\MPULSE\DEBUG\INITSTATE.OBJ
C:\Users\Lee\Documents\GitHub\mPULSE\mPULSE refactored\mPULSE\Debug\link.command.1.tlog
C:\Users\Lee\Documents\GitHub\mPULSE\mPULSE refactored\mPULSE\Debug\link.read.1.tlog
C:\Users\Lee\Documents\GitHub\mPULSE\mPULSE refactored\mPULSE\Debug\link.write.1.tlog
C:\USERS\LEE\DOCUMENTS\GITHUB\MPULSE\MPULSE REFACTORED\MPULSE\DEBUG\MODELMANAGER.OBJ
C:\USERS\LEE\DOCUMENTS\GITHUB\MPULSE\MPULSE REFACTORED\MPULSE\DEBUG\MPULSE.EXE.INTERMEDIATE.MANIFEST
C:\USERS\LEE\DOCUMENTS\GITHUB\MPULSE\MPULSE REFACTORED\MPULSE\DEBUG\MPULSE.OBJ
C:\Users\Lee\Documents\GitHub\mPULSE\mPULSE refactored\mPULSE\Debug\mt.command.1.tlog
C:\Users\Lee\Documents\GitHub\mPULSE\mPULSE refactored\mPULSE\Debug\mt.read.1.tlog
C:\Users\Lee\Documents\GitHub\mPULSE\mPULSE refactored\mPULSE\Debug\mt.write.1.tlog
C:\USERS\LEE\DOCUMENTS\GITHUB\MPULSE\MPULSE REFACTORED\MPULSE\DEBUG\OBJMODEL.OBJ
C:\USERS\LEE\DOCUMENTS\GITHUB\MPULSE\MPULSE REFACTORED\MPULSE\DEBUG\PHYSICS.OBJ
C:\USERS\LEE\DOCUMENTS\GITHUB\MPULSE\MPULSE REFACTORED\MPULSE\DEBUG\PHYSICSENGINE.OBJ
C:\USERS\LEE\DOCUMENTS\GITHUB\MPULSE\MPULSE REFACTORED\MPULSE\DEBUG\PLAYSTATE.OBJ
C:\USERS\LEE\DOCUMENTS\GITHUB\MPULSE\MPULSE REFACTORED\MPULSE\DEBUG\RENDERINGENGINE.OBJ
C:\USERS\LEE\DOCUMENTS\GITHUB\MPULSE\MPULSE REFACTORED\MPULSE\DEBUG\SHADER.OBJ
C:\Users\Lee\Documents\GitHub\mPULSE\mPULSE refactored\mPULSE\Debug\vc100.idb
C:\USERS\LEE\DOCUMENTS\GITHUB\MPULSE\MPULSE REFACTORED\MPULSE\DEBUG\VC100.PDB
C:\USERS\LEE\DOCUMENTS\GITHUB\MPULSE\MPULSE REFACTORED\MPULSE\DEBUG\XBOXCONTROLLER.OBJ
